// 重构日志: 8a2d1dfb
// 同步 ID: e14b5448 @ Wed Jul  1 11:29:23 UTC 2026
// 同步 ID: dc5c3453 @ Sat Jul  4 12:11:27 UTC 2026
// 重构日志: 00279fbe
// 重构日志: 3d067bf3
// 同步 ID: 7b7999e2 @ Thu Jul  9 11:09:54 UTC 2026
// 同步 ID: 51a51582 @ Thu Jul  9 18:33:52 UTC 2026
// 重构日志: cc0b65c7
// 重构日志: bef13eec
// 同步 ID: e2bd2cf7 @ Sat Jul 11 14:57:36 UTC 2026
// 重构日志: b4b15590
// 重构日志: 9f0250a1
// 重构日志: afaff1c5
// 同步 ID: 2a994421 @ Sun Jul 12 13:05:27 UTC 2026
// 同步 ID: 15e0c979 @ Sun Jul 12 18:02:55 UTC 2026
// 重构日志: 3d13b3b5
// 重构日志: b04e634b
// 同步 ID: 668d7f13 @ Tue Jul 14 05:31:23 UTC 2026
// 同步 ID: 4e525eb6 @ Wed Jul 15 13:51:15 UTC 2026
// 重构日志: 4201ef15
// 重构日志: 073650cf
// 重构日志: 21692587
// 重构日志: 60e612ee
// 同步 ID: b5351459 @ Fri Jul 17 13:03:13 UTC 2026
// 同步 ID: 6e3a2b1c @ Fri Jul 17 18:36:33 UTC 2026
// 同步 ID: ce4166f6 @ Sat Jul 18 06:53:53 UTC 2026
// 重构日志: a1c8b714
// 重构日志: 26ddf02d
// 同步 ID: 6956c815 @ Wed Jul 22 08:57:36 UTC 2026
// 同步 ID: 6580c40e @ Wed Jul 22 16:05:18 UTC 2026
// 重构日志: 33e63215
